This file contains any messages produced by compilers while
running configure, to aid debugging if configure makes a mistake.

It was created by tk configure 8.6, which was
generated by GNU Autoconf 2.59.  Invocation command line was

  $ /Users/nodegetout/Desktop/CodingProjects/PythonProj/tk8.6.6/macosx/../unix/configure -C --prefix=/usr/local --bindir=/usr/local/bin --libdir=/Library/Frameworks --mandir=/usr/local/man --enable-threads --enable-framework --with-tcl=/Library/Frameworks/Tcl.framework --enable-symbols --enable-aqua

## --------- ##
## Platform. ##
## --------- ##

hostname = bogon
uname -m = x86_64
uname -r = 16.6.0
uname -s = Darwin
uname -v = Darwin Kernel Version 16.6.0: Fri Apr 14 16:21:16 PDT 2017; root:xnu-3789.60.24~6/RELEASE_X86_64

/usr/bin/uname -p = i386
/bin/uname -X     = unknown

/bin/arch              = unknown
/usr/bin/arch -k       = unknown
/usr/convex/getsysinfo = unknown
hostinfo               = Mach kernel version:
	 Darwin Kernel Version 16.6.0: Fri Apr 14 16:21:16 PDT 2017; root:xnu-3789.60.24~6/RELEASE_X86_64
Kernel configured for up to 8 processors.
4 processors are physically available.
8 processors are logically available.
Processor type: x86_64h (Intel x86-64h Haswell)
Processors active: 0 1 2 3 4 5 6 7
Primary memory available: 16.00 gigabytes
Default processor set: 416 tasks, 1741 threads, 8 processors
Load average: 1.82, Mach factor: 6.16
/bin/machine           = unknown
/usr/bin/oslevel       = unknown
/bin/universe          = unknown

PATH: /opt/local/bin
PATH: /opt/local/sbin
PATH: /Library/Frameworks/Python.framework/Versions/2.7/bin
PATH: /Users/nodegetout/.pyenv/shims
PATH: /Users/nodegetout/.pyenv/bin
PATH: /usr/local/bin
PATH: /usr/bin
PATH: /bin
PATH: /usr/sbin
PATH: /sbin
PATH: /usr/local/share/dotnet


## ----------- ##
## Core tests. ##
## ----------- ##

configure:1238: loading cache config.cache
configure:1365: checking for Tcl configuration
configure:1385: error: /Library/Frameworks/Tcl.framework directory doesn't contain tclConfig.sh

## ---------------- ##
## Cache variables. ##
## ---------------- ##

ac_cv_env_CC_set=
ac_cv_env_CC_value=
ac_cv_env_CFLAGS_set=
ac_cv_env_CFLAGS_value=
ac_cv_env_CPPFLAGS_set=
ac_cv_env_CPPFLAGS_value=
ac_cv_env_CPP_set=
ac_cv_env_CPP_value=
ac_cv_env_LDFLAGS_set=
ac_cv_env_LDFLAGS_value=
ac_cv_env_build_alias_set=
ac_cv_env_build_alias_value=
ac_cv_env_host_alias_set=
ac_cv_env_host_alias_value=
ac_cv_env_target_alias_set=
ac_cv_env_target_alias_value=

## ----------------- ##
## Output variables. ##
## ----------------- ##

APP_RSRC_FILE=''
AR=''
BUILD_TCLSH=''
CC=''
CC_SEARCH_FLAGS=''
CFBUNDLELOCALIZATIONS=''
CFLAGS=''
CFLAGS_DEBUG=''
CFLAGS_DEFAULT=''
CFLAGS_OPTIMIZE=''
CFLAGS_WARNING=''
CPP=''
CPPFLAGS=''
DEFS=''
DLL_INSTALL_DIR=''
DL_LIBS=''
DL_OBJS=''
ECHO_C='ECHO_N=''
ECHO_T=''
EGREP=''
EXEEXT=''
EXTRA_APP_CC_SWITCHES=''
EXTRA_BUILD_HTML=''
EXTRA_CC_SWITCHES=''
EXTRA_INSTALL=''
EXTRA_INSTALL_BINARIES=''
EXTRA_WISH_LIBS=''
HTML_DIR=''
INSTALL_LIB=''
INSTALL_STUB_LIB=''
LDAIX_SRC=''
LDFLAGS=''
LDFLAGS_DEBUG=''
LDFLAGS_DEFAULT=''
LDFLAGS_OPTIMIZE=''
LD_LIBRARY_PATH_VAR=''
LD_SEARCH_FLAGS=''
LIBOBJS=''
LIBS=''
LIB_RSRC_FILE=''
LIB_RUNTIME_DIR=''
LOCALES='cs da de el en en_gb eo es fr hu it nl pl pt ru sv'
LTLIBOBJS=''
MAKE_LIB=''
MAKE_STUB_LIB=''
MAN_FLAGS=''
OBJEXT=''
PACKAGE_BUGREPORT=''
PACKAGE_NAME='tk'
PACKAGE_STRING='tk 8.6'
PACKAGE_TARNAME='tk'
PACKAGE_VERSION='8.6'
PATH_SEPARATOR=':'
PLAT_OBJS=''
PLAT_SRCS=''
PRIVATE_INCLUDE_DIR=''
RANLIB=''
REZ=''
REZ_FLAGS=''
SHELL='/bin/sh'
SHLIB_CFLAGS=''
SHLIB_LD=''
SHLIB_LD_LIBS=''
SHLIB_SUFFIX=''
STLIB_LD=''
TCLSH_PROG=''
TCL_BIN_DIR=''
TCL_LIBS=''
TCL_LIB_FILE=''
TCL_LIB_FLAG=''
TCL_LIB_SPEC=''
TCL_PATCH_LEVEL=''
TCL_SHLIB_LD_EXTRAS=''
TCL_SRC_DIR=''
TCL_STUB_FLAGS=''
TCL_STUB_LIB_FILE=''
TCL_STUB_LIB_FLAG=''
TCL_STUB_LIB_SPEC=''
TCL_THREADS=''
TCL_VERSION=''
TK_BUILD_LIB_SPEC=''
TK_BUILD_STUB_LIB_PATH=''
TK_BUILD_STUB_LIB_SPEC=''
TK_INCLUDE_SPEC=''
TK_LIBRARY=''
TK_LIB_FILE=''
TK_LIB_FLAG=''
TK_LIB_SPEC=''
TK_MAJOR_VERSION='8'
TK_MINOR_VERSION='6'
TK_PATCH_LEVEL='.6'
TK_PKG_DIR=''
TK_RSRC_FILE=''
TK_SHARED_BUILD=''
TK_SHLIB_LD_EXTRAS=''
TK_SRC_DIR=''
TK_STUB_LIB_FILE=''
TK_STUB_LIB_FLAG=''
TK_STUB_LIB_PATH=''
TK_STUB_LIB_SPEC=''
TK_VERSION='8.6'
TK_WINDOWINGSYSTEM=''
TK_YEAR=''
UNIX_FONT_OBJS=''
WISH_RSRC_FILE=''
XFT_CFLAGS=''
XFT_LIBS=''
XINCLUDES=''
XLIBSW=''
ac_ct_AR=''
ac_ct_CC=''
ac_ct_RANLIB=''
bindir='/usr/local/bin'
build_alias=''
datadir='${prefix}/share'
exec_prefix='NONE'
host_alias=''
includedir='${prefix}/include'
infodir='${prefix}/info'
libdir='/Library/Frameworks'
libexecdir='${exec_prefix}/libexec'
localstatedir='${prefix}/var'
mandir='/usr/local/man'
oldincludedir='/usr/include'
prefix='/usr/local'
program_transform_name='s,x,x,'
sbindir='${exec_prefix}/sbin'
sharedstatedir='${prefix}/com'
sysconfdir='${prefix}/etc'
target_alias=''

## ----------- ##
## confdefs.h. ##
## ----------- ##

#define PACKAGE_BUGREPORT ""
#define PACKAGE_NAME "tk"
#define PACKAGE_STRING "tk 8.6"
#define PACKAGE_TARNAME "tk"
#define PACKAGE_VERSION "8.6"

configure: exit 1
